<?xml version="1.0" encoding="UTF-8"?>
<testng-results skipped="0" failed="0" ignored="0" total="1" passed="1">
  <reporter-output>
  </reporter-output>
  <suite name="Suite" duration-ms="51" started-at="2019-04-26T07:20:47Z" finished-at="2019-04-26T07:20:47Z">
    <groups>
    </groups>
    <test name="Test" duration-ms="51" started-at="2019-04-26T07:20:47Z" finished-at="2019-04-26T07:20:47Z">
      <class name="Com.navya.TestingProject.NAVi">
        <test-method status="PASS" signature="t2()[pri:0, instance:Com.navya.TestingProject.NAVi@2a2d45ba]" name="t2" duration-ms="12" started-at="2019-04-26T07:20:47Z" finished-at="2019-04-26T07:20:47Z">
          <reporter-output>
          </reporter-output>
        </test-method> <!-- t2 -->
      </class> <!-- Com.navya.TestingProject.NAVi -->
    </test> <!-- Test -->
  </suite> <!-- Suite -->
</testng-results>
